@storybook/cli v7.4.2

info => Cleaning outputDir: /var/folders/zd/yrv_dqqs4bl96j9rcwmfvgb00000gp/T/chromatic--59447-UsCZVR7qJg0w
info => Loading presets
info => Building manager..
info => Manager built (193 ms)
info => Copying static files: /Users/vanessa_nieto/Public/taskbox/node_modules/@storybook/manager/static at /var/folders/zd/yrv_dqqs4bl96j9rcwmfvgb00000gp/T/chromatic--59447-UsCZVR7qJg0w/sb-common-assets
vite v4.4.9 building for production...
info => Copying static files: /Users/vanessa_nieto/Public/taskbox/public at /var/folders/zd/yrv_dqqs4bl96j9rcwmfvgb00000gp/T/chromatic--59447-UsCZVR7qJg0w/

./sb-common-assets/fonts.css doesn't exist at build time, it will remain unchanged to be resolved at runtime
transforming...
node_modules/telejson/dist/index.mjs (1413:15) Use of eval in "node_modules/telejson/dist/index.mjs" is strongly discouraged as it poses security risks and may cause issues with minification.
node_modules/telejson/dist/index.mjs (1416:18) Use of eval in "node_modules/telejson/dist/index.mjs" is strongly discouraged as it poses security risks and may cause issues with minification.
✓ 1593 modules transformed.
rendering chunks...
warnings when minifying css:
▲ [WARNING] Unexpected "vertical-align" [css-syntax-error]

    <stdin>:36:3:
      36 │   *vertical-align: middle;
         ╵    ~~~~~~~~~~~~~~


▲ [WARNING] Unexpected "overflow" [css-syntax-error]

    <stdin>:38:3:
      38 │   *overflow: visible;
         ╵    ~~~~~~~~


computing gzip size...
../../../../var/folders/zd/yrv_dqqs4bl96j9rcwmfvgb00000gp/T/chromatic--59447-UsCZVR7qJg0w/iframe.html                                          12.54 kB │ gzip:   3.56 kB
../../../../var/folders/zd/yrv_dqqs4bl96j9rcwmfvgb00000gp/T/chromatic--59447-UsCZVR7qJg0w/assets/percolate-dac75269.ttf                        34.04 kB
../../../../var/folders/zd/yrv_dqqs4bl96j9rcwmfvgb00000gp/T/chromatic--59447-UsCZVR7qJg0w/assets/percolate-ec979d96.woff                       34.11 kB
../../../../var/folders/zd/yrv_dqqs4bl96j9rcwmfvgb00000gp/T/chromatic--59447-UsCZVR7qJg0w/assets/percolate-5ed633c2.eot                        34.21 kB
../../../../var/folders/zd/yrv_dqqs4bl96j9rcwmfvgb00000gp/T/chromatic--59447-UsCZVR7qJg0w/assets/percolate-d13fa91b.svg                       140.51 kB │ gzip:  47.50 kB
../../../../var/folders/zd/yrv_dqqs4bl96j9rcwmfvgb00000gp/T/chromatic--59447-UsCZVR7qJg0w/assets/preview-4c64bd25.css                           6.88 kB │ gzip:   2.07 kB
../../../../var/folders/zd/yrv_dqqs4bl96j9rcwmfvgb00000gp/T/chromatic--59447-UsCZVR7qJg0w/assets/_commonjs-dynamic-modules-302442b1.js          0.30 kB │ gzip:   0.24 kB │ map:     0.12 kB
../../../../var/folders/zd/yrv_dqqs4bl96j9rcwmfvgb00000gp/T/chromatic--59447-UsCZVR7qJg0w/assets/WithTooltip-J57HCPYA-81f4727e.js               0.49 kB │ gzip:   0.30 kB │ map:     0.11 kB
../../../../var/folders/zd/yrv_dqqs4bl96j9rcwmfvgb00000gp/T/chromatic--59447-UsCZVR7qJg0w/assets/syntaxhighlighter-PONEFOSF-2fe817e8.js         0.51 kB │ gzip:   0.33 kB │ map:     0.12 kB
../../../../var/folders/zd/yrv_dqqs4bl96j9rcwmfvgb00000gp/T/chromatic--59447-UsCZVR7qJg0w/assets/preview-b4a42a4a.js                            0.56 kB │ gzip:   0.35 kB │ map:     0.54 kB
../../../../var/folders/zd/yrv_dqqs4bl96j9rcwmfvgb00000gp/T/chromatic--59447-UsCZVR7qJg0w/assets/index-3fd0d1ea.js                              0.62 kB │ gzip:   0.38 kB │ map:     4.28 kB
../../../../var/folders/zd/yrv_dqqs4bl96j9rcwmfvgb00000gp/T/chromatic--59447-UsCZVR7qJg0w/assets/preview-87eac49b.js                            0.68 kB │ gzip:   0.48 kB │ map:     3.90 kB
../../../../var/folders/zd/yrv_dqqs4bl96j9rcwmfvgb00000gp/T/chromatic--59447-UsCZVR7qJg0w/assets/_commonjsHelpers-de833af9.js                   0.75 kB │ gzip:   0.43 kB │ map:     0.11 kB
../../../../var/folders/zd/yrv_dqqs4bl96j9rcwmfvgb00000gp/T/chromatic--59447-UsCZVR7qJg0w/assets/index-356e4a49.js                              0.81 kB │ gzip:   0.51 kB │ map:     3.26 kB
../../../../var/folders/zd/yrv_dqqs4bl96j9rcwmfvgb00000gp/T/chromatic--59447-UsCZVR7qJg0w/assets/index-8d47fad6.js                              0.84 kB │ gzip:   0.55 kB │ map:     4.09 kB
../../../../var/folders/zd/yrv_dqqs4bl96j9rcwmfvgb00000gp/T/chromatic--59447-UsCZVR7qJg0w/assets/preview-b3c37142.js                            0.90 kB │ gzip:   0.59 kB │ map:     2.97 kB
../../../../var/folders/zd/yrv_dqqs4bl96j9rcwmfvgb00000gp/T/chromatic--59447-UsCZVR7qJg0w/assets/preview-68a0c3d6.js                            1.06 kB │ gzip:   0.69 kB │ map:     3.27 kB
../../../../var/folders/zd/yrv_dqqs4bl96j9rcwmfvgb00000gp/T/chromatic--59447-UsCZVR7qJg0w/assets/preview-bed967c6.js                            2.38 kB │ gzip:   1.24 kB │ map:    11.13 kB
../../../../var/folders/zd/yrv_dqqs4bl96j9rcwmfvgb00000gp/T/chromatic--59447-UsCZVR7qJg0w/assets/index-d37d4223.js                              2.63 kB │ gzip:   1.30 kB │ map:     7.48 kB
../../../../var/folders/zd/yrv_dqqs4bl96j9rcwmfvgb00000gp/T/chromatic--59447-UsCZVR7qJg0w/assets/preview-15309724.js                            3.22 kB │ gzip:   1.39 kB │ map:    10.24 kB
../../../../var/folders/zd/yrv_dqqs4bl96j9rcwmfvgb00000gp/T/chromatic--59447-UsCZVR7qJg0w/assets/Task.stories-82f7da51.js                       3.51 kB │ gzip:   1.52 kB │ map:     4.83 kB
../../../../var/folders/zd/yrv_dqqs4bl96j9rcwmfvgb00000gp/T/chromatic--59447-UsCZVR7qJg0w/assets/preview-a8282296.js                            3.78 kB │ gzip:   1.79 kB │ map:    14.57 kB
../../../../var/folders/zd/yrv_dqqs4bl96j9rcwmfvgb00000gp/T/chromatic--59447-UsCZVR7qJg0w/assets/iframe-6c30850b.js                             4.58 kB │ gzip:   1.70 kB │ map:     5.37 kB
../../../../var/folders/zd/yrv_dqqs4bl96j9rcwmfvgb00000gp/T/chromatic--59447-UsCZVR7qJg0w/assets/index-76fb7be0.js                              7.21 kB │ gzip:   2.95 kB │ map:    15.71 kB
../../../../var/folders/zd/yrv_dqqs4bl96j9rcwmfvgb00000gp/T/chromatic--59447-UsCZVR7qJg0w/assets/preview-b8d6c68d.js                            7.67 kB │ gzip:   1.59 kB │ map:    14.22 kB
../../../../var/folders/zd/yrv_dqqs4bl96j9rcwmfvgb00000gp/T/chromatic--59447-UsCZVR7qJg0w/assets/preview-2059b184.js                            8.32 kB │ gzip:   3.20 kB │ map:    29.43 kB
../../../../var/folders/zd/yrv_dqqs4bl96j9rcwmfvgb00000gp/T/chromatic--59447-UsCZVR7qJg0w/assets/GlobalScrollAreaStyles-UY5SB7EJ-a3c50cd0.js   15.10 kB │ gzip:   2.84 kB │ map:    21.42 kB
../../../../var/folders/zd/yrv_dqqs4bl96j9rcwmfvgb00000gp/T/chromatic--59447-UsCZVR7qJg0w/assets/preview-6751e51d.js                           21.12 kB │ gzip:   7.00 kB │ map:    68.39 kB
../../../../var/folders/zd/yrv_dqqs4bl96j9rcwmfvgb00000gp/T/chromatic--59447-UsCZVR7qJg0w/assets/OverlayScrollbars-GZGLA7DL-14afcb95.js        28.95 kB │ gzip:  14.20 kB │ map:   108.14 kB
../../../../var/folders/zd/yrv_dqqs4bl96j9rcwmfvgb00000gp/T/chromatic--59447-UsCZVR7qJg0w/assets/Color-6VNJS4EI-06d235d2.js                    31.10 kB │ gzip:  11.69 kB │ map:   112.65 kB
../../../../var/folders/zd/yrv_dqqs4bl96j9rcwmfvgb00000gp/T/chromatic--59447-UsCZVR7qJg0w/assets/TaskList.stories-1fefeae3.js                  40.60 kB │ gzip:  14.02 kB │ map:   234.23 kB
../../../../var/folders/zd/yrv_dqqs4bl96j9rcwmfvgb00000gp/T/chromatic--59447-UsCZVR7qJg0w/assets/_getPrototype-725791a0.js                     78.78 kB │ gzip:  23.67 kB │ map:   325.87 kB
../../../../var/folders/zd/yrv_dqqs4bl96j9rcwmfvgb00000gp/T/chromatic--59447-UsCZVR7qJg0w/assets/index-d3ea75b5.js                            134.11 kB │ gzip:  43.23 kB │ map:   328.84 kB
../../../../var/folders/zd/yrv_dqqs4bl96j9rcwmfvgb00000gp/T/chromatic--59447-UsCZVR7qJg0w/assets/config-7b196b88.js                           213.48 kB │ gzip:  66.39 kB │ map:   803.34 kB
../../../../var/folders/zd/yrv_dqqs4bl96j9rcwmfvgb00000gp/T/chromatic--59447-UsCZVR7qJg0w/assets/InboxScreen.stories-46038b49.js              294.52 kB │ gzip:  72.90 kB │ map: 1,094.21 kB
../../../../var/folders/zd/yrv_dqqs4bl96j9rcwmfvgb00000gp/T/chromatic--59447-UsCZVR7qJg0w/assets/index-badbdf7e.js                            372.03 kB │ gzip: 114.48 kB │ map: 1,550.80 kB
../../../../var/folders/zd/yrv_dqqs4bl96j9rcwmfvgb00000gp/T/chromatic--59447-UsCZVR7qJg0w/assets/DocsRenderer-3PUGWF3O-30ea6af0.js            518.00 kB │ gzip: 169.67 kB │ map: 1,485.94 kB
../../../../var/folders/zd/yrv_dqqs4bl96j9rcwmfvgb00000gp/T/chromatic--59447-UsCZVR7qJg0w/assets/axe-594ab22d.js                              545.74 kB │ gzip: 148.72 kB │ map: 1,946.41 kB
../../../../var/folders/zd/yrv_dqqs4bl96j9rcwmfvgb00000gp/T/chromatic--59447-UsCZVR7qJg0w/assets/formatter-SWP5E3XI-0a4c19be.js               601.69 kB │ gzip: 185.06 kB │ map: 1,318.59 kB

(!) Some chunks are larger than 500 kBs after minification. Consider:
- Using dynamic import() to code-split the application
- Use build.rollupOptions.output.manualChunks to improve chunking: https://rollupjs.org/configuration-options/#output-manualchunks
- Adjust chunk size limit for this warning via build.chunkSizeWarningLimit.
✓ built in 16.40s
info => Output directory: /var/folders/zd/yrv_dqqs4bl96j9rcwmfvgb00000gp/T/chromatic--59447-UsCZVR7qJg0w
